<?xml version="1.0" encoding="UTF-8"?>
<!-- Generated by org.testng.reporters.JUnitXMLReporter -->
<testsuite ignored="0" hostname="DESKTOP-UPU31HJ" failures="1" tests="4" name="RegisterTest" time="94.171" errors="0" timestamp="2021-12-15T10:03:32 IST">
  <testcase classname="com.test.RegisterUserTest" name="newUserEmail_Test_02" time="5.603"/>
  <testcase classname="com.test.RegisterUserTest" name="newUser_Test_01" time="3.186">
    <failure type="java.lang.IllegalArgumentException" message="Keys to send should be a not null CharSequence">
      <![CDATA[java.lang.IllegalArgumentException: Keys to send should be a not null CharSequence
at org.openqa.selenium.remote.RemoteWebElement.sendKeys(RemoteWebElement.java:97)
at org.openqa.selenium.support.pagefactory.internal.LocatingElementHandler.invoke(LocatingElementHandler.java:51)
at jdk.proxy2/jdk.proxy2.$Proxy12.sendKeys(Unknown Source)
at com.actions.ActionOnWebPage.sendDataToInput(ActionOnWebPage.java:15)
at com.page.RegisterUser.newUserRegister(RegisterUser.java:104)
at com.test.RegisterUserTest.newUser_Test_01(RegisterUserTest.java:17)
at java.base/java.util.ArrayList.forEach(ArrayList.java:1511)
... Removed 31 stack frames]]>
    </failure>
  </testcase> <!-- newUser_Test_01 -->
  <testcase classname="com.test.RegisterUserTest" name="validateFormat_Test_04" time="15.059"/>
  <testcase classname="com.test.RegisterUserTest" name="validateManFields_Test_03" time="13.04"/>
</testsuite> <!-- RegisterTest -->
